#
# There is insufficient memory for the Java Runtime Environment to continue.
# Native memory allocation (mmap) failed to map 31457280 bytes. Error detail: G1 virtual space
# Possible reasons:
#   The system is out of physical RAM or swap space
#   This process is running with CompressedOops enabled, and the Java Heap may be blocking the growth of the native heap
# Possible solutions:
#   Reduce memory load on the system
#   Increase physical memory or swap space
#   Check if swap backing store is full
#   Decrease Java heap size (-Xmx/-Xms)
#   Decrease number of Java threads
#   Decrease Java thread stack sizes (-Xss)
#   Set larger code cache with -XX:ReservedCodeCacheSize=
#   JVM is running with Zero Based Compressed Oops mode in which the Java heap is
#     placed in the first 32GB address space. The Java Heap base address is the
#     maximum limit for the native heap growth. Please use -XX:HeapBaseMinAddress
#     to set the Java Heap base and to place the Java Heap above 32GB virtual address.
# This output file may be truncated or incomplete.
#
#  Out of Memory Error (os_windows.cpp:3828), pid=23252, tid=19796
#
# JRE version: OpenJDK Runtime Environment (21.0.5) (build 21.0.5+-12932927-b750.29)
# Java VM: OpenJDK 64-Bit Server VM (21.0.5+-12932927-b750.29, mixed mode, tiered, compressed oops, compressed class ptrs, g1 gc, windows-amd64)
# No core dump will be written. Minidumps are not enabled by default on client versions of Windows
#

---------------  S U M M A R Y ------------

Command Line: org.jetbrains.kotlin.cli.jvm.K2JVMCompiler @E:\Coding Bootcamp\Project\Bootcamp\app\build\20250507_11986298552218323725.compiler.options

Host: 12th Gen Intel(R) Core(TM) i5-12450H, 12 cores, 15G,  Windows 11 , 64 bit Build 22621 (10.0.22621.5124)
Time: Wed May  7 10:33:11 2025 SE Asia Standard Time elapsed time: 3.093275 seconds (0d 0h 0m 3s)

---------------  T H R E A D  ---------------

Current thread (0x000001fbfec19db0):  VMThread "VM Thread"          [id=19796, stack(0x000000beb0b00000,0x000000beb0c00000) (1024K)]

Stack: [0x000000beb0b00000,0x000000beb0c00000]
Native frames: (J=compiled Java code, j=interpreted, Vv=VM code, C=native code)
V  [jvm.dll+0x6cfb29]
V  [jvm.dll+0x85ded3]
V  [jvm.dll+0x86042e]
V  [jvm.dll+0x860b13]
V  [jvm.dll+0x27e6b6]
V  [jvm.dll+0x6cc385]
V  [jvm.dll+0x6c078a]
V  [jvm.dll+0x35525b]
V  [jvm.dll+0x35ceb6]
V  [jvm.dll+0x3aedd6]
V  [jvm.dll+0x3af0a8]
V  [jvm.dll+0x32792c]
V  [jvm.dll+0x3279b7]
V  [jvm.dll+0x36d80c]
V  [jvm.dll+0x36bfbe]
V  [jvm.dll+0x327081]
V  [jvm.dll+0x36b6d0]
V  [jvm.dll+0x866898]
V  [jvm.dll+0x867c14]
V  [jvm.dll+0x868150]
V  [jvm.dll+0x8683e3]
V  [jvm.dll+0x806368]
V  [jvm.dll+0x6ce3fd]
C  [ucrtbase.dll+0x29333]
C  [KERNEL32.DLL+0x1259d]
C  [ntdll.dll+0x5af38]

VM_Operation (0x000000beb04fcd00): G1CollectForAllocation, mode: safepoint, requested by thread 0x000001fbe26cfb20


---------------  P R O C E S S  ---------------

Threads class SMR info:
_java_thread_list=0x000001fb842ec460, length=13, elements={
0x000001fbe26cfb20, 0x000001fbfedc58b0, 0x000001fbfedc67c0, 0x000001fbfed93620,
0x000001fbfedd8840, 0x000001fbfede5850, 0x000001fbfede62a0, 0x000001fbfede6900,
0x000001fbfede7b30, 0x000001fbfef8c120, 0x000001fbfef9f970, 0x000001fbff011520,
0x000001fb848c35a0
}

Java Threads: ( => current thread )
  0x000001fbe26cfb20 JavaThread "main"                              [_thread_blocked, id=19964, stack(0x000000beb0400000,0x000000beb0500000) (1024K)]
  0x000001fbfedc58b0 JavaThread "Reference Handler"          daemon [_thread_blocked, id=19508, stack(0x000000beb0c00000,0x000000beb0d00000) (1024K)]
  0x000001fbfedc67c0 JavaThread "Finalizer"                  daemon [_thread_blocked, id=24392, stack(0x000000beb0d00000,0x000000beb0e00000) (1024K)]
  0x000001fbfed93620 JavaThread "Signal Dispatcher"          daemon [_thread_blocked, id=21812, stack(0x000000beb0e00000,0x000000beb0f00000) (1024K)]
  0x000001fbfedd8840 JavaThread "Attach Listener"            daemon [_thread_blocked, id=5164, stack(0x000000beb0f00000,0x000000beb1000000) (1024K)]
  0x000001fbfede5850 JavaThread "Service Thread"             daemon [_thread_blocked, id=22200, stack(0x000000beb1000000,0x000000beb1100000) (1024K)]
  0x000001fbfede62a0 JavaThread "Monitor Deflation Thread"   daemon [_thread_blocked, id=21452, stack(0x000000beb1100000,0x000000beb1200000) (1024K)]
  0x000001fbfede6900 JavaThread "C2 CompilerThread0"         daemon [_thread_blocked, id=21648, stack(0x000000beb1200000,0x000000beb1300000) (1024K)]
  0x000001fbfede7b30 JavaThread "C1 CompilerThread0"         daemon [_thread_blocked, id=26584, stack(0x000000beb1300000,0x000000beb1400000) (1024K)]
  0x000001fbfef8c120 JavaThread "Notification Thread"        daemon [_thread_blocked, id=18176, stack(0x000000beb1400000,0x000000beb1500000) (1024K)]
  0x000001fbfef9f970 JavaThread "Common-Cleaner"             daemon [_thread_blocked, id=18300, stack(0x000000beb1500000,0x000000beb1600000) (1024K)]
  0x000001fbff011520 JavaThread "C2 CompilerThread1"         daemon [_thread_blocked, id=24944, stack(0x000000beb1600000,0x000000beb1700000) (1024K)]
  0x000001fb848c35a0 JavaThread "C2 CompilerThread2"         daemon [_thread_blocked, id=7564, stack(0x000000beb2000000,0x000000beb2100000) (1024K)]
Total: 13

Other Threads:
=>0x000001fbfec19db0 VMThread "VM Thread"                           [id=19796, stack(0x000000beb0b00000,0x000000beb0c00000) (1024K)]
  0x000001fbfeba7070 WatcherThread "VM Periodic Task Thread"        [id=1784, stack(0x000000beb0a00000,0x000000beb0b00000) (1024K)]
  0x000001fbe4a71610 WorkerThread "GC Thread#0"                     [id=2744, stack(0x000000beb0500000,0x000000beb0600000) (1024K)]
  0x000001fbff7aeac0 WorkerThread "GC Thread#1"                     [id=21032, stack(0x000000beb1700000,0x000000beb1800000) (1024K)]
  0x000001fbff7aee60 WorkerThread "GC Thread#2"                     [id=1268, stack(0x000000beb1800000,0x000000beb1900000) (1024K)]
  0x000001fbff7a6ca0 WorkerThread "GC Thread#3"                     [id=21276, stack(0x000000beb1900000,0x000000beb1a00000) (1024K)]
  0x000001fbff7d4f00 WorkerThread "GC Thread#4"                     [id=24028, stack(0x000000beb1a00000,0x000000beb1b00000) (1024K)]
  0x000001fbff7d52a0 WorkerThread "GC Thread#5"                     [id=7612, stack(0x000000beb1b00000,0x000000beb1c00000) (1024K)]
  0x000001fbff90dd80 WorkerThread "GC Thread#6"                     [id=17948, stack(0x000000beb1c00000,0x000000beb1d00000) (1024K)]
  0x000001fbff90cf00 WorkerThread "GC Thread#7"                     [id=28216, stack(0x000000beb1d00000,0x000000beb1e00000) (1024K)]
  0x000001fb84db7f20 WorkerThread "GC Thread#8"                     [id=24892, stack(0x000000beb2100000,0x000000beb2200000) (1024K)]
  0x000001fb84dba700 WorkerThread "GC Thread#9"                     [id=11356, stack(0x000000beb2200000,0x000000beb2300000) (1024K)]
  0x000001fbe4a82b30 ConcurrentGCThread "G1 Main Marker"            [id=8664, stack(0x000000beb0600000,0x000000beb0700000) (1024K)]
  0x000001fbe4a83630 WorkerThread "G1 Conc#0"                       [id=22056, stack(0x000000beb0700000,0x000000beb0800000) (1024K)]
  0x000001fbff90d9e0 WorkerThread "G1 Conc#1"                       [id=11324, stack(0x000000beb1e00000,0x000000beb1f00000) (1024K)]
  0x000001fbff90e120 WorkerThread "G1 Conc#2"                       [id=24520, stack(0x000000beb1f00000,0x000000beb2000000) (1024K)]
  0x000001fbfea791d0 ConcurrentGCThread "G1 Refine#0"               [id=9568, stack(0x000000beb0800000,0x000000beb0900000) (1024K)]
  0x000001fbfea799f0 ConcurrentGCThread "G1 Service"                [id=21664, stack(0x000000beb0900000,0x000000beb0a00000) (1024K)]
Total: 18

Threads with active compile tasks:
C2 CompilerThread0  3100 7068       4       org.jetbrains.kotlin.ir.declarations.IrFactory::createValueParameter (68 bytes)
C1 CompilerThread0  3100 7081       3       org.jetbrains.kotlin.fir.symbols.impl.FirClassifierSymbol::<init> (5 bytes)
C2 CompilerThread1  3100 7065       4       org.jetbrains.kotlin.ir.overrides.CopyIrTreeWithSymbolsForFakeOverrides$FakeOverrideTypeRemapper::remapType (147 bytes)
C2 CompilerThread2  3100 7069       4       org.jetbrains.kotlin.ir.overrides.CopyIrTreeWithSymbolsForFakeOverrides$FakeOverrideTypeRemapper::remapTypeArguments (158 bytes)
Total: 4

VM state: at safepoint (normal execution)

VM Mutex/Monitor currently owned by a thread:  ([mutex/lock_event])
[0x00007ff9d1c0d360] Threads_lock - owner thread: 0x000001fbfec19db0
[0x00007ff9d1c0d460] Heap_lock - owner thread: 0x000001fbe26cfb20

Heap address: 0x0000000704400000, size: 4028 MB, Compressed Oops mode: Zero based, Oop shift amount: 3

CDS archive(s) not mapped
Compressed class space mapped at: 0x0000000800000000-0x0000000840000000, reserved size: 1073741824
Narrow klass base: 0x0000000800000000, Narrow klass shift: 0, Narrow klass range: 0x40000000

GC Precious Log:
 CardTable entry size: 512
 Card Set container configuration: InlinePtr #cards 4 size 8 Array Of Cards #cards 16 size 48 Howl #buckets 8 coarsen threshold 3686 Howl Bitmap #cards 512 size 80 coarsen threshold 460 Card regions per heap region 1 cards per card region 4096
 CPUs: 12 total, 12 available
 Memory: 16108M
 Large Page Support: Disabled
 NUMA Support: Disabled
 Compressed Oops: Enabled (Zero based)
 Heap Region Size: 2M
 Heap Min Capacity: 8M
 Heap Initial Capacity: 252M
 Heap Max Capacity: 4028M
 Pre-touch: Disabled
 Parallel Workers: 10
 Concurrent Workers: 3
 Concurrent Refinement Workers: 10
 Periodic GC: Disabled

Heap:
 garbage-first heap   total 153600K, used 69632K [0x0000000704400000, 0x0000000800000000)
  region size 2048K, 4 young (8192K), 4 survivors (8192K)
 Metaspace       used 64116K, committed 64384K, reserved 1114112K
  class space    used 7048K, committed 7168K, reserved 1048576K

Heap Regions: E=young(eden), S=young(survivor), O=old, HS=humongous(starts), HC=humongous(continues), CS=collection set, F=free, TAMS=top-at-mark-start, PB=parsable bottom
|   0|0x0000000704400000, 0x0000000704600000, 0x0000000704600000|100%|HS|  |TAMS 0x0000000704400000| PB 0x0000000704400000| Complete 
|   1|0x0000000704600000, 0x0000000704800000, 0x0000000704800000|100%|HC|  |TAMS 0x0000000704600000| PB 0x0000000704600000| Complete 
|   2|0x0000000704800000, 0x0000000704a00000, 0x0000000704a00000|100%| O|  |TAMS 0x0000000704800000| PB 0x0000000704800000| Untracked 
|   3|0x0000000704a00000, 0x0000000704c00000, 0x0000000704c00000|100%| O|  |TAMS 0x0000000704a00000| PB 0x0000000704a00000| Untracked 
|   4|0x0000000704c00000, 0x0000000704e00000, 0x0000000704e00000|100%| O|  |TAMS 0x0000000704c00000| PB 0x0000000704c00000| Untracked 
|   5|0x0000000704e00000, 0x0000000705000000, 0x0000000705000000|100%| O|  |TAMS 0x0000000704e00000| PB 0x0000000704e00000| Untracked 
|   6|0x0000000705000000, 0x0000000705200000, 0x0000000705200000|100%| O|  |TAMS 0x0000000705000000| PB 0x0000000705000000| Untracked 
|   7|0x0000000705200000, 0x0000000705400000, 0x0000000705400000|100%| O|  |TAMS 0x0000000705200000| PB 0x0000000705200000| Untracked 
|   8|0x0000000705400000, 0x0000000705600000, 0x0000000705600000|100%| O|  |TAMS 0x0000000705400000| PB 0x0000000705400000| Untracked 
|   9|0x0000000705600000, 0x0000000705800000, 0x0000000705800000|100%| O|  |TAMS 0x0000000705600000| PB 0x0000000705600000| Untracked 
|  10|0x0000000705800000, 0x0000000705a00000, 0x0000000705a00000|100%| O|  |TAMS 0x0000000705800000| PB 0x0000000705800000| Untracked 
|  11|0x0000000705a00000, 0x0000000705c00000, 0x0000000705c00000|100%| O|  |TAMS 0x0000000705a00000| PB 0x0000000705a00000| Untracked 
|  12|0x0000000705c00000, 0x0000000705e00000, 0x0000000705e00000|100%| O|  |TAMS 0x0000000705c00000| PB 0x0000000705c00000| Untracked 
|  13|0x0000000705e00000, 0x0000000706000000, 0x0000000706000000|100%| O|  |TAMS 0x0000000705e00000| PB 0x0000000705e00000| Untracked 
|  14|0x0000000706000000, 0x0000000706200000, 0x0000000706200000|100%| O|  |TAMS 0x0000000706000000| PB 0x0000000706000000| Untracked 
|  15|0x0000000706200000, 0x0000000706400000, 0x0000000706400000|100%| O|  |TAMS 0x0000000706200000| PB 0x0000000706200000| Untracked 
|  16|0x0000000706400000, 0x0000000706600000, 0x0000000706600000|100%| O|  |TAMS 0x0000000706400000| PB 0x0000000706400000| Untracked 
|  17|0x0000000706600000, 0x0000000706800000, 0x0000000706800000|100%| O|  |TAMS 0x0000000706600000| PB 0x0000000706600000| Untracked 
|  18|0x0000000706800000, 0x0000000706a00000, 0x0000000706a00000|100%| O|Cm|TAMS 0x0000000706800000| PB 0x0000000706800000| Complete 
|  19|0x0000000706a00000, 0x0000000706c00000, 0x0000000706c00000|100%| O|  |TAMS 0x0000000706a00000| PB 0x0000000706a00000| Untracked 
|  20|0x0000000706c00000, 0x0000000706e00000, 0x0000000706e00000|100%| O|  |TAMS 0x0000000706c00000| PB 0x0000000706c00000| Untracked 
|  21|0x0000000706e00000, 0x0000000707000000, 0x0000000707000000|100%| O|  |TAMS 0x0000000706e00000| PB 0x0000000706e00000| Untracked 
|  22|0x0000000707000000, 0x0000000707200000, 0x0000000707200000|100%| O|  |TAMS 0x0000000707000000| PB 0x0000000707000000| Untracked 
|  23|0x0000000707200000, 0x0000000707400000, 0x0000000707400000|100%| O|  |TAMS 0x0000000707200000| PB 0x0000000707200000| Untracked 
|  24|0x0000000707400000, 0x0000000707600000, 0x0000000707600000|100%| O|  |TAMS 0x0000000707400000| PB 0x0000000707400000| Untracked 
|  25|0x0000000707600000, 0x0000000707800000, 0x0000000707800000|100%| O|  |TAMS 0x0000000707600000| PB 0x0000000707600000| Untracked 
|  26|0x0000000707800000, 0x0000000707a00000, 0x0000000707a00000|100%| O|  |TAMS 0x0000000707800000| PB 0x0000000707800000| Untracked 
|  27|0x0000000707a00000, 0x0000000707c00000, 0x0000000707c00000|100%| O|  |TAMS 0x0000000707a00000| PB 0x0000000707a00000| Untracked 
|  28|0x0000000707c00000, 0x0000000707e00000, 0x0000000707e00000|100%| O|  |TAMS 0x0000000707c00000| PB 0x0000000707c00000| Untracked 
|  29|0x0000000707e00000, 0x0000000708000000, 0x0000000708000000|100%| O|  |TAMS 0x0000000707e00000| PB 0x0000000707e00000| Untracked 
|  30|0x0000000708000000, 0x0000000708000000, 0x0000000708200000|  0%| F|  |TAMS 0x0000000708000000| PB 0x0000000708000000| Untracked 
|  31|0x0000000708200000, 0x0000000708200000, 0x0000000708400000|  0%| F|  |TAMS 0x0000000708200000| PB 0x0000000708200000| Untracked 
|  32|0x0000000708400000, 0x0000000708400000, 0x0000000708600000|  0%| F|  |TAMS 0x0000000708400000| PB 0x0000000708400000| Untracked 
|  33|0x0000000708600000, 0x0000000708600000, 0x0000000708800000|  0%| F|  |TAMS 0x0000000708600000| PB 0x0000000708600000| Untracked 
|  34|0x0000000708800000, 0x0000000708800000, 0x0000000708a00000|  0%| F|  |TAMS 0x0000000708800000| PB 0x0000000708800000| Untracked 
|  35|0x0000000708a00000, 0x0000000708a00000, 0x0000000708c00000|  0%| F|  |TAMS 0x0000000708a00000| PB 0x0000000708a00000| Untracked 
|  36|0x0000000708c00000, 0x0000000708c00000, 0x0000000708e00000|  0%| F|  |TAMS 0x0000000708c00000| PB 0x0000000708c00000| Untracked 
|  37|0x0000000708e00000, 0x0000000708e00000, 0x0000000709000000|  0%| F|  |TAMS 0x0000000708e00000| PB 0x0000000708e00000| Untracked 
|  38|0x0000000709000000, 0x0000000709000000, 0x0000000709200000|  0%| F|  |TAMS 0x0000000709000000| PB 0x0000000709000000| Untracked 
|  39|0x0000000709200000, 0x0000000709200000, 0x0000000709400000|  0%| F|  |TAMS 0x0000000709200000| PB 0x0000000709200000| Untracked 
|  40|0x0000000709400000, 0x0000000709600000, 0x0000000709600000|100%| S|CS|TAMS 0x0000000709400000| PB 0x0000000709400000| Complete 
|  41|0x0000000709600000, 0x0000000709600000, 0x0000000709800000|  0%| F|  |TAMS 0x0000000709600000| PB 0x0000000709600000| Untracked 
|  42|0x0000000709800000, 0x0000000709800000, 0x0000000709a00000|  0%| F|  |TAMS 0x0000000709800000| PB 0x0000000709800000| Untracked 
|  43|0x0000000709a00000, 0x0000000709c00000, 0x0000000709c00000|100%| S|CS|TAMS 0x0000000709a00000| PB 0x0000000709a00000| Complete 
|  44|0x0000000709c00000, 0x0000000709e00000, 0x0000000709e00000|100%| S|CS|TAMS 0x0000000709c00000| PB 0x0000000709c00000| Complete 
|  45|0x0000000709e00000, 0x000000070a000000, 0x000000070a000000|100%| S|CS|TAMS 0x0000000709e00000| PB 0x0000000709e00000| Complete 
|  46|0x000000070a000000, 0x000000070a000000, 0x000000070a200000|  0%| F|  |TAMS 0x000000070a000000| PB 0x000000070a000000| Untracked 
|  47|0x000000070a200000, 0x000000070a200000, 0x000000070a400000|  0%| F|  |TAMS 0x000000070a200000| PB 0x000000070a200000| Untracked 
|  48|0x000000070a400000, 0x000000070a400000, 0x000000070a600000|  0%| F|  |TAMS 0x000000070a400000| PB 0x000000070a400000| Untracked 
|  49|0x000000070a600000, 0x000000070a600000, 0x000000070a800000|  0%| F|  |TAMS 0x000000070a600000| PB 0x000000070a600000| Untracked 
|  50|0x000000070a800000, 0x000000070a800000, 0x000000070aa00000|  0%| F|  |TAMS 0x000000070a800000| PB 0x000000070a800000| Untracked 
|  51|0x000000070aa00000, 0x000000070aa00000, 0x000000070ac00000|  0%| F|  |TAMS 0x000000070aa00000| PB 0x000000070aa00000| Untracked 
|  52|0x000000070ac00000, 0x000000070ac00000, 0x000000070ae00000|  0%| F|  |TAMS 0x000000070ac00000| PB 0x000000070ac00000| Untracked 
|  53|0x000000070ae00000, 0x000000070ae00000, 0x000000070b000000|  0%| F|  |TAMS 0x000000070ae00000| PB 0x000000070ae00000| Untracked 
|  54|0x000000070b000000, 0x000000070b000000, 0x000000070b200000|  0%| F|  |TAMS 0x000000070b000000| PB 0x000000070b000000| Untracked 
|  55|0x000000070b200000, 0x000000070b200000, 0x000000070b400000|  0%| F|  |TAMS 0x000000070b200000| PB 0x000000070b200000| Untracked 
|  56|0x000000070b400000, 0x000000070b400000, 0x000000070b600000|  0%| F|  |TAMS 0x000000070b400000| PB 0x000000070b400000| Untracked 
|  57|0x000000070b600000, 0x000000070b600000, 0x000000070b800000|  0%| F|  |TAMS 0x000000070b600000| PB 0x000000070b600000| Untracked 
|  58|0x000000070b800000, 0x000000070b800000, 0x000000070ba00000|  0%| F|  |TAMS 0x000000070b800000| PB 0x000000070b800000| Untracked 
|  59|0x000000070ba00000, 0x000000070ba00000, 0x000000070bc00000|  0%| F|  |TAMS 0x000000070ba00000| PB 0x000000070ba00000| Untracked 
|  60|0x000000070bc00000, 0x000000070bc00000, 0x000000070be00000|  0%| F|  |TAMS 0x000000070bc00000| PB 0x000000070bc00000| Untracked 
|  61|0x000000070be00000, 0x000000070be00000, 0x000000070c000000|  0%| F|  |TAMS 0x000000070be00000| PB 0x000000070be00000| Untracked 
|  62|0x000000070c000000, 0x000000070c000000, 0x000000070c200000|  0%| F|  |TAMS 0x000000070c000000| PB 0x000000070c000000| Untracked 
|  63|0x000000070c200000, 0x000000070c200000, 0x000000070c400000|  0%| F|  |TAMS 0x000000070c200000| PB 0x000000070c200000| Untracked 
|  64|0x000000070c400000, 0x000000070c400000, 0x000000070c600000|  0%| F|  |TAMS 0x000000070c400000| PB 0x000000070c400000| Untracked 
|  65|0x000000070c600000, 0x000000070c600000, 0x000000070c800000|  0%| F|  |TAMS 0x000000070c600000| PB 0x000000070c600000| Untracked 
|  66|0x000000070c800000, 0x000000070c800000, 0x000000070ca00000|  0%| F|  |TAMS 0x000000070c800000| PB 0x000000070c800000| Untracked 
|  67|0x000000070ca00000, 0x000000070ca00000, 0x000000070cc00000|  0%| F|  |TAMS 0x000000070ca00000| PB 0x000000070ca00000| Untracked 
|  68|0x000000070cc00000, 0x000000070cc00000, 0x000000070ce00000|  0%| F|  |TAMS 0x000000070cc00000| PB 0x000000070cc00000| Untracked 
|  69|0x000000070ce00000, 0x000000070ce00000, 0x000000070d000000|  0%| F|  |TAMS 0x000000070ce00000| PB 0x000000070ce00000| Untracked 
|  70|0x000000070d000000, 0x000000070d000000, 0x000000070d200000|  0%| F|  |TAMS 0x000000070d000000| PB 0x000000070d000000| Untracked 
| 108|0x0000000711c00000, 0x0000000711c00000, 0x0000000711e00000|  0%| F|  |TAMS 0x0000000711c00000| PB 0x0000000711c00000| Untracked 
| 109|0x0000000711e00000, 0x0000000711e00000, 0x0000000712000000|  0%| F|  |TAMS 0x0000000711e00000| PB 0x0000000711e00000| Untracked 
| 110|0x0000000712000000, 0x0000000712000000, 0x0000000712200000|  0%| F|  |TAMS 0x0000000712000000| PB 0x0000000712000000| Untracked 
| 125|0x0000000713e00000, 0x0000000713e00000, 0x0000000714000000|  0%| F|  |TAMS 0x0000000713e00000| PB 0x0000000713e00000| Untracked 

Card table byte_map: [0x000001fbf7890000,0x000001fbf8070000] _byte_map_base: 0x000001fbf406e000

Marking Bits: (CMBitMap*) 0x000001fbe4a71d10
 Bits: [0x000001fbf8070000, 0x000001fbfbf60000)

Polling page: 0x000001fbe2980000

Metaspace:

Usage:
  Non-class:     55.73 MB used.
      Class:      6.88 MB used.
       Both:     62.61 MB used.

Virtual space:
  Non-class space:       64.00 MB reserved,      55.88 MB ( 87%) committed,  1 nodes.
      Class space:        1.00 GB reserved,       7.00 MB ( <1%) committed,  1 nodes.
             Both:        1.06 GB reserved,      62.88 MB (  6%) committed. 

Chunk freelists:
   Non-Class:  7.81 MB
       Class:  8.94 MB
        Both:  16.75 MB

MaxMetaspaceSize: unlimited
CompressedClassSpaceSize: 1.00 GB
Initial GC threshold: 21.00 MB
Current GC threshold: 98.75 MB
CDS: off
 - commit_granule_bytes: 65536.
 - commit_granule_words: 8192.
 - virtual_space_node_default_size: 8388608.
 - enlarge_chunks_in_place: 1.
 - use_allocation_guard: 0.


Internal statistics:

num_allocs_failed_limit: 12.
num_arena_births: 322.
num_arena_deaths: 0.
num_vsnodes_births: 2.
num_vsnodes_deaths: 0.
num_space_committed: 1006.
num_space_uncommitted: 0.
num_chunks_returned_to_freelist: 12.
num_chunks_taken_from_freelist: 2278.
num_chunk_merges: 12.
num_chunk_splits: 1881.
num_chunks_enlarged: 1712.
num_inconsistent_stats: 0.

CodeHeap 'non-profiled nmethods': size=120000Kb used=4097Kb max_used=4097Kb free=115902Kb
 bounds [0x000001fbef630000, 0x000001fbefa40000, 0x000001fbf6b60000]
CodeHeap 'profiled nmethods': size=120000Kb used=19473Kb max_used=19473Kb free=100526Kb
 bounds [0x000001fbe7b60000, 0x000001fbe8e70000, 0x000001fbef090000]
CodeHeap 'non-nmethods': size=5760Kb used=1743Kb max_used=1794Kb free=4016Kb
 bounds [0x000001fbef090000, 0x000001fbef300000, 0x000001fbef630000]
 total_blobs=7576 nmethods=6807 adapters=671
 compilation: enabled
              stopped_count=0, restarted_count=0
 full_count=0

Compilation events (20 events):
Event: 3.079 Thread 0x000001fbfede7b30 nmethod 7074 0x000001fbe8e5af90 code [0x000001fbe8e5b140, 0x000001fbe8e5b380]
Event: 3.079 Thread 0x000001fbfede7b30 7078       3       org.jetbrains.kotlin.fir.resolve.providers.impl.FirCachingCompositeSymbolProvider::computeClass (51 bytes)
Event: 3.079 Thread 0x000001fbfede7b30 nmethod 7078 0x000001fbe8e5b490 code [0x000001fbe8e5b6a0, 0x000001fbe8e5bdf8]
Event: 3.079 Thread 0x000001fbfede7b30 7079       3       org.jetbrains.org.objectweb.asm.ClassReader::readElementValue (1237 bytes)
Event: 3.079 Thread 0x000001fbfede6900 nmethod 7066 0x000001fbefa2f590 code [0x000001fbefa2f740, 0x000001fbefa2f8d0]
Event: 3.079 Thread 0x000001fbfede6900 7071       4       org.jetbrains.kotlin.fir.lazy.Fir2IrLazySimpleFunction::getDispatchReceiverParameter (19 bytes)
Event: 3.081 Thread 0x000001fbfede6900 nmethod 7071 0x000001fbefa2fa90 code [0x000001fbefa2fc40, 0x000001fbefa301d8]
Event: 3.081 Thread 0x000001fbfede6900 7082       4       org.jetbrains.kotlin.fir.declarations.FirDeclarationAttributes::getTypeRegistry (7 bytes)
Event: 3.081 Thread 0x000001fbfede6900 nmethod 7082 0x000001fbefa30410 code [0x000001fbefa305a0, 0x000001fbefa30630]
Event: 3.081 Thread 0x000001fbfede6900 7068       4       org.jetbrains.kotlin.ir.declarations.IrFactory::createValueParameter (68 bytes)
Event: 3.081 Thread 0x000001fbfede7b30 nmethod 7079 0x000001fbe8e5c010 code [0x000001fbe8e5c8c0, 0x000001fbe8e61008]
Event: 3.081 Thread 0x000001fbfede7b30 7083       3       org.jetbrains.kotlin.load.kotlin.header.ReadKotlinClassHeaderAnnotationVisitor$KotlinMetadataArgumentVisitor::visitArray (43 bytes)
Event: 3.082 Thread 0x000001fbfede7b30 nmethod 7083 0x000001fbe8e62990 code [0x000001fbe8e62c40, 0x000001fbe8e639b0]
Event: 3.082 Thread 0x000001fbfede7b30 7084       3       org.jetbrains.kotlin.load.kotlin.header.ReadKotlinClassHeaderAnnotationVisitor$CollectStringArrayAnnotationVisitor::<init> (16 bytes)
Event: 3.082 Thread 0x000001fbfede7b30 nmethod 7084 0x000001fbe8e63d90 code [0x000001fbe8e63f60, 0x000001fbe8e64378]
Event: 3.082 Thread 0x000001fbfede7b30 7085       3       org.jetbrains.kotlin.load.kotlin.header.ReadKotlinClassHeaderAnnotationVisitor$CollectStringArrayAnnotationVisitor::visitEnd (21 bytes)
Event: 3.082 Thread 0x000001fbfede7b30 nmethod 7085 0x000001fbe8e64510 code [0x000001fbe8e646e0, 0x000001fbe8e64b18]
Event: 3.082 Thread 0x000001fbfede7b30 7080       3       org.jetbrains.kotlin.fir.symbols.impl.FirClassifierSymbol::<init> (5 bytes)
Event: 3.082 Thread 0x000001fbfede7b30 nmethod 7080 0x000001fbe8e64c10 code [0x000001fbe8e64dc0, 0x000001fbe8e64fe8]
Event: 3.082 Thread 0x000001fbfede7b30 7081       3       org.jetbrains.kotlin.fir.symbols.impl.FirClassifierSymbol::<init> (5 bytes)

GC Heap History (20 events):
Event: 0.300 GC heap after
{Heap after GC invocations=1 (full 0):
 garbage-first heap   total 258048K, used 7154K [0x0000000704400000, 0x0000000800000000)
  region size 2048K, 2 young (4096K), 2 survivors (4096K)
 Metaspace       used 13581K, committed 13696K, reserved 1114112K
  class space    used 1270K, committed 1344K, reserved 1048576K
}
Event: 0.505 GC heap before
{Heap before GC invocations=1 (full 0):
 garbage-first heap   total 258048K, used 31730K [0x0000000704400000, 0x0000000800000000)
  region size 2048K, 15 young (30720K), 2 survivors (4096K)
 Metaspace       used 21300K, committed 21504K, reserved 1114112K
  class space    used 2161K, committed 2240K, reserved 1048576K
}
Event: 0.508 GC heap after
{Heap after GC invocations=2 (full 0):
 garbage-first heap   total 258048K, used 8443K [0x0000000704400000, 0x0000000800000000)
  region size 2048K, 3 young (6144K), 3 survivors (6144K)
 Metaspace       used 21300K, committed 21504K, reserved 1114112K
  class space    used 2161K, committed 2240K, reserved 1048576K
}
Event: 0.719 GC heap before
{Heap before GC invocations=3 (full 0):
 garbage-first heap   total 34816K, used 33019K [0x0000000704400000, 0x0000000800000000)
  region size 2048K, 15 young (30720K), 3 survivors (6144K)
 Metaspace       used 26015K, committed 26240K, reserved 1114112K
  class space    used 2779K, committed 2880K, reserved 1048576K
}
Event: 0.724 GC heap after
{Heap after GC invocations=4 (full 0):
 garbage-first heap   total 47104K, used 14628K [0x0000000704400000, 0x0000000800000000)
  region size 2048K, 6 young (12288K), 6 survivors (12288K)
 Metaspace       used 26015K, committed 26240K, reserved 1114112K
  class space    used 2779K, committed 2880K, reserved 1048576K
}
Event: 0.839 GC heap before
{Heap before GC invocations=4 (full 0):
 garbage-first heap   total 47104K, used 28964K [0x0000000704400000, 0x0000000800000000)
  region size 2048K, 13 young (26624K), 6 survivors (12288K)
 Metaspace       used 29936K, committed 30144K, reserved 1114112K
  class space    used 3237K, committed 3328K, reserved 1048576K
}
Event: 0.844 GC heap after
{Heap after GC invocations=5 (full 0):
 garbage-first heap   total 47104K, used 15692K [0x0000000704400000, 0x0000000800000000)
  region size 2048K, 1 young (2048K), 1 survivors (2048K)
 Metaspace       used 29936K, committed 30144K, reserved 1114112K
  class space    used 3237K, committed 3328K, reserved 1048576K
}
Event: 1.020 GC heap before
{Heap before GC invocations=5 (full 0):
 garbage-first heap   total 47104K, used 36172K [0x0000000704400000, 0x0000000800000000)
  region size 2048K, 11 young (22528K), 1 survivors (2048K)
 Metaspace       used 35306K, committed 35584K, reserved 1114112K
  class space    used 4243K, committed 4352K, reserved 1048576K
}
Event: 1.023 GC heap after
{Heap after GC invocations=6 (full 0):
 garbage-first heap   total 47104K, used 16720K [0x0000000704400000, 0x0000000800000000)
  region size 2048K, 2 young (4096K), 2 survivors (4096K)
 Metaspace       used 35306K, committed 35584K, reserved 1114112K
  class space    used 4243K, committed 4352K, reserved 1048576K
}
Event: 1.034 GC heap before
{Heap before GC invocations=6 (full 0):
 garbage-first heap   total 47104K, used 18768K [0x0000000704400000, 0x0000000800000000)
  region size 2048K, 4 young (8192K), 2 survivors (4096K)
 Metaspace       used 35729K, committed 35968K, reserved 1114112K
  class space    used 4283K, committed 4416K, reserved 1048576K
}
Event: 1.037 GC heap after
{Heap after GC invocations=7 (full 0):
 garbage-first heap   total 47104K, used 16658K [0x0000000704400000, 0x0000000800000000)
  region size 2048K, 1 young (2048K), 1 survivors (2048K)
 Metaspace       used 35729K, committed 35968K, reserved 1114112K
  class space    used 4283K, committed 4416K, reserved 1048576K
}
Event: 1.211 GC heap before
{Heap before GC invocations=8 (full 0):
 garbage-first heap   total 47104K, used 35090K [0x0000000704400000, 0x0000000800000000)
  region size 2048K, 11 young (22528K), 1 survivors (2048K)
 Metaspace       used 41286K, committed 41472K, reserved 1114112K
  class space    used 4847K, committed 4928K, reserved 1048576K
}
Event: 1.214 GC heap after
{Heap after GC invocations=9 (full 0):
 garbage-first heap   total 153600K, used 18019K [0x0000000704400000, 0x0000000800000000)
  region size 2048K, 2 young (4096K), 2 survivors (4096K)
 Metaspace       used 41286K, committed 41472K, reserved 1114112K
  class space    used 4847K, committed 4928K, reserved 1048576K
}
Event: 1.794 GC heap before
{Heap before GC invocations=9 (full 0):
 garbage-first heap   total 153600K, used 104035K [0x0000000704400000, 0x0000000800000000)
  region size 2048K, 45 young (92160K), 2 survivors (4096K)
 Metaspace       used 51779K, committed 52096K, reserved 1114112K
  class space    used 5927K, committed 6080K, reserved 1048576K
}
Event: 1.810 GC heap after
{Heap after GC invocations=10 (full 0):
 garbage-first heap   total 153600K, used 38160K [0x0000000704400000, 0x0000000800000000)
  region size 2048K, 6 young (12288K), 6 survivors (12288K)
 Metaspace       used 51779K, committed 52096K, reserved 1114112K
  class space    used 5927K, committed 6080K, reserved 1048576K
}
Event: 2.380 GC heap before
{Heap before GC invocations=10 (full 0):
 garbage-first heap   total 153600K, used 93456K [0x0000000704400000, 0x0000000800000000)
  region size 2048K, 33 young (67584K), 6 survivors (12288K)
 Metaspace       used 56958K, committed 57344K, reserved 1114112K
  class space    used 6416K, committed 6592K, reserved 1048576K
}
Event: 2.393 GC heap after
{Heap after GC invocations=11 (full 0):
 garbage-first heap   total 153600K, used 50239K [0x0000000704400000, 0x0000000800000000)
  region size 2048K, 5 young (10240K), 5 survivors (10240K)
 Metaspace       used 56958K, committed 57344K, reserved 1114112K
  class space    used 6416K, committed 6592K, reserved 1048576K
}
Event: 2.679 GC heap before
{Heap before GC invocations=11 (full 0):
 garbage-first heap   total 153600K, used 99391K [0x0000000704400000, 0x0000000800000000)
  region size 2048K, 30 young (61440K), 5 survivors (10240K)
 Metaspace       used 59827K, committed 60160K, reserved 1114112K
  class space    used 6677K, committed 6848K, reserved 1048576K
}
Event: 2.692 GC heap after
{Heap after GC invocations=12 (full 0):
 garbage-first heap   total 153600K, used 59392K [0x0000000704400000, 0x0000000800000000)
  region size 2048K, 4 young (8192K), 4 survivors (8192K)
 Metaspace       used 59827K, committed 60160K, reserved 1114112K
  class space    used 6677K, committed 6848K, reserved 1048576K
}
Event: 3.082 GC heap before
{Heap before GC invocations=13 (full 0):
 garbage-first heap   total 153600K, used 114688K [0x0000000704400000, 0x0000000800000000)
  region size 2048K, 31 young (63488K), 4 survivors (8192K)
 Metaspace       used 64116K, committed 64384K, reserved 1114112K
  class space    used 7048K, committed 7168K, reserved 1048576K
}

Dll operation events (3 events):
Event: 0.004 Loaded shared library C:\Program Files\Android\Android Studio\jbr\bin\java.dll
Event: 0.007 Loaded shared library C:\Program Files\Android\Android Studio\jbr\bin\zip.dll
Event: 0.681 Loaded shared library C:\Program Files\Android\Android Studio\jbr\bin\verify.dll

Deoptimization events (20 events):
Event: 3.032 Thread 0x000001fbe26cfb20 Uncommon trap: trap_request=0xffffffde fr.pc=0x000001fbef8f30cc relative=0x000000000000094c
Event: 3.032 Thread 0x000001fbe26cfb20 Uncommon trap: reason=class_check action=maybe_recompile pc=0x000001fbef8f30cc method=org.jetbrains.kotlin.types.model.TypeSystemContext.typeConstructor(Lorg/jetbrains/kotlin/types/model/KotlinTypeMarker;)Lorg/jetbrains/kotlin/types/model/TypeConstructorM
Event: 3.032 Thread 0x000001fbe26cfb20 DEOPT PACKING pc=0x000001fbef8f30cc sp=0x000000beb04fd610
Event: 3.032 Thread 0x000001fbe26cfb20 DEOPT UNPACKING pc=0x000001fbef0e46a2 sp=0x000000beb04fd600 mode 2
Event: 3.032 Thread 0x000001fbe26cfb20 Uncommon trap: trap_request=0xffffffde fr.pc=0x000001fbef8f30cc relative=0x000000000000094c
Event: 3.032 Thread 0x000001fbe26cfb20 Uncommon trap: reason=class_check action=maybe_recompile pc=0x000001fbef8f30cc method=org.jetbrains.kotlin.types.model.TypeSystemContext.typeConstructor(Lorg/jetbrains/kotlin/types/model/KotlinTypeMarker;)Lorg/jetbrains/kotlin/types/model/TypeConstructorM
Event: 3.032 Thread 0x000001fbe26cfb20 DEOPT PACKING pc=0x000001fbef8f30cc sp=0x000000beb04fd600
Event: 3.032 Thread 0x000001fbe26cfb20 DEOPT UNPACKING pc=0x000001fbef0e46a2 sp=0x000000beb04fd5f0 mode 2
Event: 3.032 Thread 0x000001fbe26cfb20 Uncommon trap: trap_request=0xffffffde fr.pc=0x000001fbef906bec relative=0x00000000000008ac
Event: 3.032 Thread 0x000001fbe26cfb20 Uncommon trap: reason=class_check action=maybe_recompile pc=0x000001fbef906bec method=org.jetbrains.kotlin.types.model.TypeSystemContext.lowerBoundIfFlexible(Lorg/jetbrains/kotlin/types/model/KotlinTypeMarker;)Lorg/jetbrains/kotlin/types/model/SimpleTypeM
Event: 3.032 Thread 0x000001fbe26cfb20 DEOPT PACKING pc=0x000001fbef906bec sp=0x000000beb04fd570
Event: 3.032 Thread 0x000001fbe26cfb20 DEOPT UNPACKING pc=0x000001fbef0e46a2 sp=0x000000beb04fd538 mode 2
Event: 3.032 Thread 0x000001fbe26cfb20 Uncommon trap: trap_request=0xffffffde fr.pc=0x000001fbef906bec relative=0x00000000000008ac
Event: 3.032 Thread 0x000001fbe26cfb20 Uncommon trap: reason=class_check action=maybe_recompile pc=0x000001fbef906bec method=org.jetbrains.kotlin.types.model.TypeSystemContext.lowerBoundIfFlexible(Lorg/jetbrains/kotlin/types/model/KotlinTypeMarker;)Lorg/jetbrains/kotlin/types/model/SimpleTypeM
Event: 3.032 Thread 0x000001fbe26cfb20 DEOPT PACKING pc=0x000001fbef906bec sp=0x000000beb04fd570
Event: 3.032 Thread 0x000001fbe26cfb20 DEOPT UNPACKING pc=0x000001fbef0e46a2 sp=0x000000beb04fd538 mode 2
Event: 3.032 Thread 0x000001fbe26cfb20 Uncommon trap: trap_request=0xffffffde fr.pc=0x000001fbef906bec relative=0x00000000000008ac
Event: 3.032 Thread 0x000001fbe26cfb20 Uncommon trap: reason=class_check action=maybe_recompile pc=0x000001fbef906bec method=org.jetbrains.kotlin.types.model.TypeSystemContext.lowerBoundIfFlexible(Lorg/jetbrains/kotlin/types/model/KotlinTypeMarker;)Lorg/jetbrains/kotlin/types/model/SimpleTypeM
Event: 3.032 Thread 0x000001fbe26cfb20 DEOPT PACKING pc=0x000001fbef906bec sp=0x000000beb04fd620
Event: 3.032 Thread 0x000001fbe26cfb20 DEOPT UNPACKING pc=0x000001fbef0e46a2 sp=0x000000beb04fd5f8 mode 2

Classes loaded (20 events):
Event: 2.609 Loading class java/util/ServiceLoader$2
Event: 2.609 Loading class java/util/ServiceLoader$2 done
Event: 2.609 Loading class java/util/ServiceLoader$3
Event: 2.609 Loading class java/util/ServiceLoader$3 done
Event: 2.609 Loading class java/util/Collections$EmptyEnumeration
Event: 2.609 Loading class java/util/Collections$EmptyEnumeration done
Event: 2.610 Loading class jdk/internal/loader/BuiltinClassLoader$1
Event: 2.610 Loading class jdk/internal/loader/BuiltinClassLoader$1 done
Event: 2.610 Loading class java/lang/CompoundEnumeration
Event: 2.610 Loading class java/lang/CompoundEnumeration done
Event: 2.610 Loading class jdk/internal/loader/URLClassPath$1
Event: 2.610 Loading class jdk/internal/loader/URLClassPath$1 done
Event: 2.612 Loading class java/util/ServiceLoader$1
Event: 2.612 Loading class java/util/ServiceLoader$1 done
Event: 2.612 Loading class java/util/ServiceLoader$ProviderImpl
Event: 2.612 Loading class java/util/ServiceLoader$Provider
Event: 2.612 Loading class java/util/ServiceLoader$Provider done
Event: 2.612 Loading class java/util/ServiceLoader$ProviderImpl done
Event: 2.736 Loading class java/lang/Byte$ByteCache
Event: 2.736 Loading class java/lang/Byte$ByteCache done

Classes unloaded (0 events):
No events

Classes redefined (0 events):
No events

Internal exceptions (20 events):
Event: 1.746 Thread 0x000001fbe26cfb20 Exception <a 'java/lang/NoSuchMethodError'{0x000000070867c998}: 'java.lang.Object java.lang.invoke.DirectMethodHandle$Holder.newInvokeSpecial(java.lang.Object, int, java.lang.Object)'> (0x000000070867c998) 
thrown [s\src\hotspot\share\interpreter\linkResolver.cpp, line 784]
Event: 1.790 Thread 0x000001fbe26cfb20 Exception <a 'java/lang/NoSuchMethodError'{0x00000007085c4628}: 'java.lang.Object java.lang.invoke.DirectMethodHandle$Holder.newInvokeSpecial(java.lang.Object, java.lang.Object, java.lang.Object, java.lang.Object, int, java.lang.Object, java.lang.Object)'> (0x00000007085c4628) 
thrown [s\src\hotspot\share\interpreter\linkResolver.cpp, line 784]
Event: 1.791 Thread 0x000001fbe26cfb20 Exception <a 'java/lang/NoSuchMethodError'{0x00000007085ccd68}: 'java.lang.Object java.lang.invoke.Invokers$Holder.linkToTargetMethod(java.lang.Object, java.lang.Object, java.lang.Object, int, java.lang.Object, java.lang.Object, java.lang.Object)'> (0x00000007085ccd68) 
thrown [s\src\hotspot\share\interpreter\linkResolver.cpp, line 784]
Event: 1.846 Thread 0x000001fbe26cfb20 Exception <a 'java/lang/NoSuchMethodError'{0x0000000712048430}: 'java.lang.Object java.lang.invoke.DirectMethodHandle$Holder.invokeSpecial(java.lang.Object, java.lang.Object, int, java.lang.Object, java.lang.Object)'> (0x0000000712048430) 
thrown [s\src\hotspot\share\interpreter\linkResolver.cpp, line 784]
Event: 1.893 Thread 0x000001fbe26cfb20 Exception <a 'java/lang/NoSuchMethodError'{0x0000000711ed8348}: 'java.lang.Object java.lang.invoke.DirectMethodHandle$Holder.newInvokeSpecial(java.lang.Object, java.lang.Object, java.lang.Object, java.lang.Object, java.lang.Object, java.lang.Object, java.lang.Object, java.lang.Object, java.lang.Object)'> (0x0000000711ed8348) 
thrown [s\src\hotspot\share\interpreter\linkResolver.cpp, line 784]
Event: 1.899 Thread 0x000001fbe26cfb20 Exception <a 'java/lang/NoSuchMethodError'{0x0000000711f380b8}: 'java.lang.Object java.lang.invoke.DirectMethodHandle$Holder.invokeStatic(java.lang.Object, int, java.lang.Object, java.lang.Object)'> (0x0000000711f380b8) 
thrown [s\src\hotspot\share\interpreter\linkResolver.cpp, line 784]
Event: 1.943 Thread 0x000001fbe26cfb20 Exception <a 'java/lang/NoSuchMethodError'{0x000000070ce575d8}: 'java.lang.Object java.lang.invoke.DirectMethodHandle$Holder.invokeStatic(java.lang.Object, java.lang.Object, java.lang.Object, int, java.lang.Object, java.lang.Object)'> (0x000000070ce575d8) 
thrown [s\src\hotspot\share\interpreter\linkResolver.cpp, line 784]
Event: 2.175 Thread 0x000001fbe26cfb20 Implicit null exception at 0x000001fbef6f9a5a to 0x000001fbef6f9b64
Event: 2.257 Thread 0x000001fbe26cfb20 Exception <a 'java/lang/NoSuchMethodError'{0x000000070b99fd90}: 'java.lang.Object java.lang.invoke.DirectMethodHandle$Holder.invokeSpecial(java.lang.Object, java.lang.Object, java.lang.Object, int, java.lang.Object, java.lang.Object, java.lang.Object)'> (0x000000070b99fd90) 
thrown [s\src\hotspot\share\interpreter\linkResolver.cpp, line 784]
Event: 2.257 Thread 0x000001fbe26cfb20 Exception <a 'java/lang/NoSuchMethodError'{0x000000070b9a3408}: 'java.lang.Object java.lang.invoke.Invokers$Holder.linkToTargetMethod(java.lang.Object, int, java.lang.Object, java.lang.Object, java.lang.Object, java.lang.Object)'> (0x000000070b9a3408) 
thrown [s\src\hotspot\share\interpreter\linkResolver.cpp, line 784]
Event: 2.508 Thread 0x000001fbe26cfb20 Exception <a 'java/lang/NoSuchMethodError'{0x000000070c3aa990}: 'java.lang.Object java.lang.invoke.DirectMethodHandle$Holder.newInvokeSpecial(java.lang.Object, java.lang.Object, java.lang.Object, java.lang.Object, java.lang.Object, java.lang.Object, int)'> (0x000000070c3aa990) 
thrown [s\src\hotspot\share\interpreter\linkResolver.cpp, line 784]
Event: 2.508 Thread 0x000001fbe26cfb20 Exception <a 'java/lang/NoSuchMethodError'{0x000000070c3af198}: 'java.lang.Object java.lang.invoke.DirectMethodHandle$Holder.invokeSpecial(java.lang.Object, java.lang.Object, java.lang.Object, java.lang.Object, java.lang.Object, java.lang.Object, java.lang.Object, int)'> (0x000000070c3af198) 
thrown [s\src\hotspot\share\interpreter\linkResolver.cpp, line 784]
Event: 2.645 Thread 0x000001fbe26cfb20 Implicit null exception at 0x000001fbef662ea0 to 0x000001fbef66345c
Event: 2.647 Thread 0x000001fbe26cfb20 Implicit null exception at 0x000001fbef6666a0 to 0x000001fbef666c54
Event: 2.758 Thread 0x000001fbe26cfb20 Exception <a 'java/lang/NoSuchMethodError'{0x0000000711dd50b0}: 'java.lang.Object java.lang.invoke.DirectMethodHandle$Holder.newInvokeSpecial(java.lang.Object, java.lang.Object, java.lang.Object, java.lang.Object, java.lang.Object, java.lang.Object, java.lang.Object, java.lang.Object, int)'> (0x0000000711dd50b0) 
thrown [s\src\hotspot\share\interpreter\linkResolver.cpp, line 784]
Event: 2.758 Thread 0x000001fbe26cfb20 Exception <a 'java/lang/NoSuchMethodError'{0x0000000711dd9e30}: 'java.lang.Object java.lang.invoke.DirectMethodHandle$Holder.invokeSpecial(java.lang.Object, java.lang.Object, java.lang.Object, java.lang.Object, java.lang.Object, java.lang.Object, java.lang.Object, java.lang.Object, java.lang.Object, int)'> (0x0000000711dd9e30) 
thrown [s\src\hotspot\share\interpreter\linkResolver.cpp, line 784]
Event: 2.881 Thread 0x000001fbe26cfb20 Exception <a 'java/lang/NoSuchMethodError'{0x000000070c431ab8}: 'java.lang.Object java.lang.invoke.DirectMethodHandle$Holder.invokeStatic(java.lang.Object, java.lang.Object, int, int)'> (0x000000070c431ab8) 
thrown [s\src\hotspot\share\interpreter\linkResolver.cpp, line 784]
Event: 2.881 Thread 0x000001fbe26cfb20 Exception <a 'java/lang/NoSuchMethodError'{0x000000070c438340}: 'java.lang.Object java.lang.invoke.DirectMethodHandle$Holder.newInvokeSpecial(java.lang.Object, java.lang.Object, int, int)'> (0x000000070c438340) 
thrown [s\src\hotspot\share\interpreter\linkResolver.cpp, line 784]
Event: 2.881 Thread 0x000001fbe26cfb20 Exception <a 'java/lang/NoSuchMethodError'{0x000000070c43c310}: 'java.lang.Object java.lang.invoke.DirectMethodHandle$Holder.invokeSpecial(java.lang.Object, java.lang.Object, java.lang.Object, int, int)'> (0x000000070c43c310) 
thrown [s\src\hotspot\share\interpreter\linkResolver.cpp, line 784]
Event: 2.882 Thread 0x000001fbe26cfb20 Exception <a 'java/lang/NoSuchMethodError'{0x000000070c43fc38}: 'java.lang.Object java.lang.invoke.Invokers$Holder.linkToTargetMethod(java.lang.Object, int, int, java.lang.Object)'> (0x000000070c43fc38) 
thrown [s\src\hotspot\share\interpreter\linkResolver.cpp, line 784]

ZGC Phase Switch (0 events):
No events

VM Operations (20 events):
Event: 2.656 Executing VM operation: HandshakeAllThreads (Deoptimize) done
Event: 2.657 Executing VM operation: HandshakeAllThreads (Deoptimize)
Event: 2.657 Executing VM operation: HandshakeAllThreads (Deoptimize) done
Event: 2.679 Executing VM operation: CollectForMetadataAllocation (Metadata GC Threshold)
Event: 2.692 Executing VM operation: CollectForMetadataAllocation (Metadata GC Threshold) done
Event: 2.702 Executing VM operation: CollectForMetadataAllocation (Metadata GC Threshold)
Event: 2.702 Executing VM operation: CollectForMetadataAllocation (Metadata GC Threshold) done
Event: 2.705 Executing VM operation: G1PauseRemark
Event: 2.710 Executing VM operation: G1PauseRemark done
Event: 2.715 Executing VM operation: G1PauseCleanup
Event: 2.715 Executing VM operation: G1PauseCleanup done
Event: 2.869 Executing VM operation: ICBufferFull
Event: 2.869 Executing VM operation: ICBufferFull done
Event: 2.986 Executing VM operation: ICBufferFull
Event: 2.986 Executing VM operation: ICBufferFull done
Event: 3.046 Executing VM operation: ICBufferFull
Event: 3.046 Executing VM operation: ICBufferFull done
Event: 3.081 Executing VM operation: ICBufferFull
Event: 3.081 Executing VM operation: ICBufferFull done
Event: 3.082 Executing VM operation: G1CollectForAllocation (G1 Evacuation Pause)

Memory protections (0 events):
No events

Nmethod flushes (20 events):
Event: 2.709 Thread 0x000001fbfec19db0 flushing  nmethod 0x000001fbe7c07690
Event: 2.709 Thread 0x000001fbfec19db0 flushing  nmethod 0x000001fbe7c0f410
Event: 2.709 Thread 0x000001fbfec19db0 flushing  nmethod 0x000001fbe7c1d290
Event: 2.709 Thread 0x000001fbfec19db0 flushing  nmethod 0x000001fbe7c3c010
Event: 2.709 Thread 0x000001fbfec19db0 flushing  nmethod 0x000001fbe7c3cc90
Event: 2.709 Thread 0x000001fbfec19db0 flushing  nmethod 0x000001fbe7c3ef90
Event: 2.709 Thread 0x000001fbfec19db0 flushing  nmethod 0x000001fbe7c3f590
Event: 2.709 Thread 0x000001fbfec19db0 flushing  nmethod 0x000001fbe7c3fd10
Event: 2.709 Thread 0x000001fbfec19db0 flushing  nmethod 0x000001fbe7c45210
Event: 2.709 Thread 0x000001fbfec19db0 flushing  nmethod 0x000001fbe7d22c90
Event: 2.709 Thread 0x000001fbfec19db0 flushing  nmethod 0x000001fbe7d56e90
Event: 2.709 Thread 0x000001fbfec19db0 flushing osr nmethod 0x000001fbe7d58310
Event: 2.709 Thread 0x000001fbfec19db0 flushing  nmethod 0x000001fbe7d5ed90
Event: 2.709 Thread 0x000001fbfec19db0 flushing  nmethod 0x000001fbe7d5fc90
Event: 2.709 Thread 0x000001fbfec19db0 flushing  nmethod 0x000001fbe7d60010
Event: 2.709 Thread 0x000001fbfec19db0 flushing  nmethod 0x000001fbe7d60390
Event: 2.709 Thread 0x000001fbfec19db0 flushing  nmethod 0x000001fbe7d64310
Event: 2.709 Thread 0x000001fbfec19db0 flushing  nmethod 0x000001fbe7d6c690
Event: 2.709 Thread 0x000001fbfec19db0 flushing  nmethod 0x000001fbe7d9f490
Event: 2.709 Thread 0x000001fbfec19db0 flushing  nmethod 0x000001fbe7e11f90

Events (17 events):
Event: 0.006 Thread 0x000001fbe26cfb20 Thread added: 0x000001fbe26cfb20
Event: 0.036 Thread 0x000001fbe26cfb20 Thread added: 0x000001fbfedc58b0
Event: 0.036 Thread 0x000001fbe26cfb20 Thread added: 0x000001fbfedc67c0
Event: 0.037 Thread 0x000001fbe26cfb20 Thread added: 0x000001fbfed93620
Event: 0.037 Thread 0x000001fbe26cfb20 Thread added: 0x000001fbfedd8840
Event: 0.037 Thread 0x000001fbe26cfb20 Thread added: 0x000001fbfede5850
Event: 0.037 Thread 0x000001fbe26cfb20 Thread added: 0x000001fbfede62a0
Event: 0.037 Thread 0x000001fbe26cfb20 Thread added: 0x000001fbfede6900
Event: 0.037 Thread 0x000001fbe26cfb20 Thread added: 0x000001fbfede7b30
Event: 0.056 Thread 0x000001fbe26cfb20 Thread added: 0x000001fbfef8c120
Event: 0.059 Thread 0x000001fbe26cfb20 Thread added: 0x000001fbfef9f970
Event: 0.063 Loaded shared library C:\Program Files\Android\Android Studio\jbr\bin\net.dll
Event: 0.064 Loaded shared library C:\Program Files\Android\Android Studio\jbr\bin\nio.dll
Event: 0.071 Thread 0x000001fbfede6900 Thread added: 0x000001fbff011520
Event: 0.078 Loaded shared library C:\Program Files\Android\Android Studio\jbr\bin\zip.dll
Event: 0.093 Loaded shared library C:\Program Files\Android\Android Studio\jbr\bin\jimage.dll
Event: 0.635 Thread 0x000001fbfede7b30 Thread added: 0x000001fb848c35a0


Dynamic libraries:
0x00007ff6b5aa0000 - 0x00007ff6b5aaa000 	C:\Program Files\Android\Android Studio\jbr\bin\java.exe
0x00007ffa78910000 - 0x00007ffa78b27000 	C:\Windows\SYSTEM32\ntdll.dll
0x00007ffa787b0000 - 0x00007ffa78874000 	C:\Windows\System32\KERNEL32.DLL
0x00007ffa75b40000 - 0x00007ffa75f13000 	C:\Windows\System32\KERNELBASE.dll
0x00007ffa76110000 - 0x00007ffa76221000 	C:\Windows\System32\ucrtbase.dll
0x00007ffa715a0000 - 0x00007ffa715b8000 	C:\Program Files\Android\Android Studio\jbr\bin\jli.dll
0x00007ffa70d70000 - 0x00007ffa70d8b000 	C:\Program Files\Android\Android Studio\jbr\bin\VCRUNTIME140.dll
0x00007ffa76c30000 - 0x00007ffa76de1000 	C:\Windows\System32\USER32.dll
0x00007ffa75f20000 - 0x00007ffa75f46000 	C:\Windows\System32\win32u.dll
0x00007ffa61740000 - 0x00007ffa619d8000 	C:\Windows\WinSxS\amd64_microsoft.windows.common-controls_6595b64144ccf1df_6.0.22621.5124_none_270e8f4f7386d69d\COMCTL32.dll
0x00007ffa771e0000 - 0x00007ffa77209000 	C:\Windows\System32\GDI32.dll
0x00007ffa76b00000 - 0x00007ffa76ba7000 	C:\Windows\System32\msvcrt.dll
0x00007ffa75a20000 - 0x00007ffa75b3b000 	C:\Windows\System32\gdi32full.dll
0x00007ffa762b0000 - 0x00007ffa7634a000 	C:\Windows\System32\msvcp_win.dll
0x00007ffa76bb0000 - 0x00007ffa76be1000 	C:\Windows\System32\IMM32.DLL
0x00007ffa6e820000 - 0x00007ffa6e82c000 	C:\Program Files\Android\Android Studio\jbr\bin\vcruntime140_1.dll
0x00007ffa51580000 - 0x00007ffa5160d000 	C:\Program Files\Android\Android Studio\jbr\bin\msvcp140.dll
0x00007ff9d1060000 - 0x00007ff9d1cea000 	C:\Program Files\Android\Android Studio\jbr\bin\server\jvm.dll
0x00007ffa78520000 - 0x00007ffa785d1000 	C:\Windows\System32\ADVAPI32.dll
0x00007ffa76f70000 - 0x00007ffa77018000 	C:\Windows\System32\sechost.dll
0x00007ffa76350000 - 0x00007ffa76378000 	C:\Windows\System32\bcrypt.dll
0x00007ffa76950000 - 0x00007ffa76a64000 	C:\Windows\System32\RPCRT4.dll
0x00007ffa76a70000 - 0x00007ffa76ae1000 	C:\Windows\System32\WS2_32.dll
0x00007ffa74860000 - 0x00007ffa748ad000 	C:\Windows\SYSTEM32\POWRPROF.dll
0x00007ffa6e190000 - 0x00007ffa6e1c4000 	C:\Windows\SYSTEM32\WINMM.dll
0x00007ffa6d590000 - 0x00007ffa6d59a000 	C:\Windows\SYSTEM32\VERSION.dll
0x00007ffa74840000 - 0x00007ffa74853000 	C:\Windows\SYSTEM32\UMPDC.dll
0x00007ffa74b00000 - 0x00007ffa74b18000 	C:\Windows\SYSTEM32\kernel.appcore.dll
0x00007ffa6e810000 - 0x00007ffa6e81a000 	C:\Program Files\Android\Android Studio\jbr\bin\jimage.dll
0x00007ffa731e0000 - 0x00007ffa73412000 	C:\Windows\SYSTEM32\DBGHELP.DLL
0x00007ffa765b0000 - 0x00007ffa76942000 	C:\Windows\System32\combase.dll
0x00007ffa786d0000 - 0x00007ffa787a7000 	C:\Windows\System32\OLEAUT32.dll
0x00007ffa543a0000 - 0x00007ffa543d2000 	C:\Windows\SYSTEM32\dbgcore.DLL
0x00007ffa76230000 - 0x00007ffa762ab000 	C:\Windows\System32\bcryptPrimitives.dll
0x00007ffa41fe0000 - 0x00007ffa42000000 	C:\Program Files\Android\Android Studio\jbr\bin\java.dll
0x00007ffa41ca0000 - 0x00007ffa41cb8000 	C:\Program Files\Android\Android Studio\jbr\bin\zip.dll
0x00007ffa77320000 - 0x00007ffa77bb6000 	C:\Windows\System32\SHELL32.dll
0x00007ffa75f50000 - 0x00007ffa7608f000 	C:\Windows\System32\wintypes.dll
0x00007ffa73900000 - 0x00007ffa7421a000 	C:\Windows\SYSTEM32\windows.storage.dll
0x00007ffa76e60000 - 0x00007ffa76f6a000 	C:\Windows\System32\SHCORE.dll
0x00007ffa78660000 - 0x00007ffa786c3000 	C:\Windows\System32\shlwapi.dll
0x00007ffa75950000 - 0x00007ffa7597b000 	C:\Windows\SYSTEM32\profapi.dll
0x00007ffa6e800000 - 0x00007ffa6e810000 	C:\Program Files\Android\Android Studio\jbr\bin\net.dll
0x00007ffa6e1d0000 - 0x00007ffa6e2fc000 	C:\Windows\SYSTEM32\WINHTTP.dll
0x00007ffa74f80000 - 0x00007ffa74fea000 	C:\Windows\system32\mswsock.dll
0x00007ffa41c80000 - 0x00007ffa41c96000 	C:\Program Files\Android\Android Studio\jbr\bin\nio.dll
0x00007ffa41c10000 - 0x00007ffa41c20000 	C:\Program Files\Android\Android Studio\jbr\bin\verify.dll

dbghelp: loaded successfully - version: 4.0.5 - missing functions: none
symbol engine: initialized successfully - sym options: 0x614 - pdb path: .;C:\Program Files\Android\Android Studio\jbr\bin;C:\Windows\SYSTEM32;C:\Windows\WinSxS\amd64_microsoft.windows.common-controls_6595b64144ccf1df_6.0.22621.5124_none_270e8f4f7386d69d;C:\Program Files\Android\Android Studio\jbr\bin\server

VM Arguments:
java_command: org.jetbrains.kotlin.cli.jvm.K2JVMCompiler @E:\Coding Bootcamp\Project\Bootcamp\app\build\20250507_11986298552218323725.compiler.options
java_class_path (initial): C:\Users\LENOVO\.gradle\caches\modules-2\files-2.1\org.jetbrains.kotlin\kotlin-compiler-embeddable\2.0.21\79346ed53db48b18312a472602eb5c057070c54d\kotlin-compiler-embeddable-2.0.21.jar;C:\Users\LENOVO\.gradle\caches\modules-2\files-2.1\org.jetbrains.kotlin\kotlin-stdlib\2.0.21\618b539767b4899b4660a83006e052b63f1db551\kotlin-stdlib-2.0.21.jar;C:\Users\LENOVO\.gradle\caches\modules-2\files-2.1\org.jetbrains.kotlin\kotlin-script-runtime\2.0.21\c9b044380ad41f89aa89aa896c2d32a8c0b2129d\kotlin-script-runtime-2.0.21.jar;C:\Users\LENOVO\.gradle\caches\modules-2\files-2.1\org.jetbrains.kotlin\kotlin-reflect\1.6.10\1cbe9c92c12a94eea200d23c2bbaedaf3daf5132\kotlin-reflect-1.6.10.jar;C:\Users\LENOVO\.gradle\caches\modules-2\files-2.1\org.jetbrains.kotlin\kotlin-daemon-embeddable\2.0.21\c9e933b23287de9b5a17e2116b4657bb91aea72c\kotlin-daemon-embeddable-2.0.21.jar;C:\Users\LENOVO\.gradle\caches\modules-2\files-2.1\org.jetbrains.intellij.deps\trove4j\1.0.20200330\3afb14d5f9ceb459d724e907a21145e8ff394f02\trove4j-1.0.20200330.jar;C:\Users\LENOVO\.gradle\caches\modules-2\files-2.1\org.jetbrains.kotlinx\kotlinx-coroutines-core-jvm\1.6.4\2c997cd1c0ef33f3e751d3831929aeff1390cb30\kotlinx-coroutines-core-jvm-1.6.4.jar;C:\Users\LENOVO\.gradle\caches\modules-2\files-2.1\org.jetbrains\annotations\13.0\919f0dfe192fb4e063e7dacadee7f8bb9a2672a9\annotations-13.0.jar
Launcher Type: SUN_STANDARD

[Global flags]
     intx CICompilerCount                          = 4                                         {product} {ergonomic}
     uint ConcGCThreads                            = 3                                         {product} {ergonomic}
     uint G1ConcRefinementThreads                  = 10                                        {product} {ergonomic}
   size_t G1HeapRegionSize                         = 2097152                                   {product} {ergonomic}
    uintx GCDrainStackTargetSize                   = 64                                        {product} {ergonomic}
   size_t InitialHeapSize                          = 264241152                                 {product} {ergonomic}
   size_t MarkStackSize                            = 4194304                                   {product} {ergonomic}
   size_t MaxHeapSize                              = 4223664128                                {product} {ergonomic}
   size_t MaxNewSize                               = 2533359616                                {product} {ergonomic}
   size_t MinHeapDeltaBytes                        = 2097152                                   {product} {ergonomic}
   size_t MinHeapSize                              = 8388608                                   {product} {ergonomic}
    uintx NonNMethodCodeHeapSize                   = 5839372                                {pd product} {ergonomic}
    uintx NonProfiledCodeHeapSize                  = 122909434                              {pd product} {ergonomic}
    uintx ProfiledCodeHeapSize                     = 122909434                              {pd product} {ergonomic}
    uintx ReservedCodeCacheSize                    = 251658240                              {pd product} {ergonomic}
     bool SegmentedCodeCache                       = true                                      {product} {ergonomic}
   size_t SoftMaxHeapSize                          = 4223664128                             {manageable} {ergonomic}
     bool UseCompressedOops                        = true                           {product lp64_product} {ergonomic}
     bool UseG1GC                                  = true                                      {product} {ergonomic}
     bool UseLargePagesIndividualAllocation        = false                                  {pd product} {ergonomic}

Logging:
Log output configuration:
 #0: stdout all=warning uptime,level,tags foldmultilines=false
 #1: stderr all=off uptime,level,tags foldmultilines=false

Environment Variables:
JAVA_HOME=C:\Program Files\Java\jdk-23
PATH=C:\Program Files\Common Files\Oracle\Java\javapath;C:\Windows\system32;C:\Windows;C:\Windows\System32\Wbem;C:\Windows\System32\WindowsPowerShell\v1.0\;C:\Windows\System32\OpenSSH\;C:\Program Files (x86)\NVIDIA Corporation\PhysX\Common;C:\Program Files\NVIDIA Corporation\NVIDIA NvDLISR;C:\Windows\system32;C:\Windows;C:\Windows\System32\Wbem;C:\Windows\System32\WindowsPowerShell\v1.0\;C:\Windows\System32\OpenSSH\;C:\Program Files\Git\cmd;C:\Program Files\nodejs\;C:\Program Files\PowerShell\7\;C:\Program Files\Java\jdk-23\bin;C:\Program Files\apache-maven-3.9.9\bin;;C:\Program Files\Docker\Docker\resources\bin;C:\Program Files (x86)\Microsoft SQL Server\160\Tools\Binn\;C:\Program Files\Microsoft SQL Server\160\Tools\Binn\;C:\Program Files\Microsoft SQL Server\Client SDK\ODBC\170\Tools\Binn\;C:\Program Files\Microsoft SQL Server\160\DTS\Binn\;C:\Program Files\PowerShell\7-preview\preview;C:\Users\LENOVO\AppData\Local\Programs\Quarto\bin;C:\Users\LENOVO\AppData\Local\Programs\Python\Python310\Scripts\;C:\Users\LENOVO\AppData\Local\Programs\Python\Python310\;C:\Users\LENOVO\AppData\Local\Microsoft\WindowsApps;C:\Users\LENOVO\AppData\Local\Programs\Microsoft VS Code\bin;C:\Program Files\Java\jdk-23\bin;C:\Users\LENOVO\AppData\Roaming\npm;C:\Program Files\JetBrains\IntelliJ IDEA 2024.3.4.1\bin;
USERNAME=LENOVO
OS=Windows_NT
PROCESSOR_IDENTIFIER=Intel64 Family 6 Model 154 Stepping 3, GenuineIntel
TMP=C:\Users\LENOVO\AppData\Local\Temp
TEMP=C:\Users\LENOVO\AppData\Local\Temp




Periodic native trim disabled

JNI global refs:
JNI global refs: 14, weak refs: 15

JNI global refs memory usage: 835, weak refs: 833

Process memory usage:
Resident Set Size: 365028K (2% of 16494648K total physical memory with 432924K free physical memory)

OOME stack traces (most recent first):
Classloader memory used:
Loader jdk.internal.loader.ClassLoaders$AppClassLoader                                 : 53432K
Loader bootstrap                                                                       : 10684K

---------------  S Y S T E M  ---------------

OS:
 Windows 11 , 64 bit Build 22621 (10.0.22621.5124)
OS uptime: 1 days 19:21 hours
Hyper-V role detected

CPU: total 12 (initial active 12) (6 cores per cpu, 2 threads per core) family 6 model 154 stepping 3 microcode 0x420, cx8, cmov, fxsr, ht, mmx, 3dnowpref, sse, sse2, sse3, ssse3, sse4.1, sse4.2, popcnt, lzcnt, tsc, tscinvbit, avx, avx2, aes, erms, clmul, bmi1, bmi2, adx, sha, fma, vzeroupper, clflush, clflushopt, clwb, hv, serialize, rdtscp, rdpid, fsrm, f16c, cet_ibt, cet_ss
Processor Information for processor 0
  Max Mhz: 2000, Current Mhz: 2000, Mhz Limit: 2000
Processor Information for processor 1
  Max Mhz: 2000, Current Mhz: 2000, Mhz Limit: 2000
Processor Information for processor 2
  Max Mhz: 2000, Current Mhz: 2000, Mhz Limit: 2000
Processor Information for processor 3
  Max Mhz: 2000, Current Mhz: 2000, Mhz Limit: 2000
Processor Information for processor 4
  Max Mhz: 2000, Current Mhz: 2000, Mhz Limit: 2000
Processor Information for processor 5
  Max Mhz: 2000, Current Mhz: 2000, Mhz Limit: 2000
Processor Information for processor 6
  Max Mhz: 2000, Current Mhz: 2000, Mhz Limit: 2000
Processor Information for processor 7
  Max Mhz: 2000, Current Mhz: 2000, Mhz Limit: 2000
Processor Information for processor 8
  Max Mhz: 2000, Current Mhz: 1500, Mhz Limit: 1500
Processor Information for processor 9
  Max Mhz: 2000, Current Mhz: 1500, Mhz Limit: 1500
Processor Information for processor 10
  Max Mhz: 2000, Current Mhz: 1500, Mhz Limit: 1500
Processor Information for processor 11
  Max Mhz: 2000, Current Mhz: 1500, Mhz Limit: 1500

Memory: 4k page, system-wide physical 16108M (422M free)
TotalPageFile size 28396M (AvailPageFile size 18M)
current process WorkingSet (physical memory assigned to process): 356M, peak: 356M
current process commit charge ("private bytes"): 394M, peak: 425M

vm_info: OpenJDK 64-Bit Server VM (21.0.5+-12932927-b750.29) for windows-amd64 JRE (21.0.5+-12932927-b750.29), built on 2025-01-17T02:01:10Z by "builder" with MS VC++ 16.10 / 16.11 (VS2019)

END.
